0:100  0:100  MemLog inited, TSC freq: 3004133253
0:100  0:000  CPU was calibrated with ACPI PM Timer
0:100  0:000  LegacyRegion2: Chipset/proc: 0x2E308086
0:100  0:000   Intel Series 4 and similar (PAM 0x90-0x96)
0:100  0:000   Test PAM1=(0x41=90, 0x5a=00, 0x81=00, 0x91=11) at chipset 2E308086
0:100  0:000  , Install = Success
0:110  0:010  BiosVideoDriverBindingStart!
0:110  0:000  BiosVideoCheckForVbe
0:110  0:000  EdidOverride not found
0:110  0:000   Edid1+
0:110  0:000   found Detail Timing 1440x900
0:115  0:004     0 640x480 attr=BB - ok, edid+, 640x480, working, highest, pref=0
0:115  0:000     1 800x600 attr=BB - ok, edid+, 800x600, working, highest, pref=1
0:116  0:000     2 1024x768 attr=BB - ok, edid+, 1024x768, working, highest, pref=2
0:118  0:002     3 1440x900 attr=BB - ok, edid+, working, highest, pref=3
0:118  0:000  BV new mode: 3 1440x900
0:189  0:071   SetMode pref 3 (3) = Success
1:680  1:490  
1:680  0:000  Now is 30.11.2019,  11:50:5 (GMT)
1:680  0:000  Starting Clover revision: 5097 (master, commit d0047645) on CLOVER EFI
1:680  0:000  Build with: [Args: -D NO_GRUB_DRIVERS_EMBEDDED -t GCC53 | -D NO_GRUB_DRIVERS_EMBEDDED --conf=/Users/sergey/src/CloverHackyColor/Conf -D USE_LOW_EBDA -a X64 -b RELEASE -t GCC53 -n 5 | OS: 10.14.6]
1:680  0:000  SelfDevicePath=PcieRoot(0x0)\Pci(0x1F,0x2)\Ata(0x0)\HD(1,GPT,AA2F9CCC-89A4-4003-8D00-37956F277AA3,0x800,0xFA000) @DA67A798
1:680  0:000  SelfDirPath = \EFI\BOOT
1:680  0:000  SimpleTextEx Status=Success
1:680  0:000  === [ Get Smbios ] ========================================
1:680  0:000  Type 16 Index = 0
1:680  0:000  Total Memory Slots Count = 2
1:680  0:000  Type 17 Index = 0
1:680  0:000  Ignoring insane frequency value 0MHz
1:680  0:000  SmbiosTable.Type17->Speed = 0MHz
1:680  0:000  SmbiosTable.Type17->Size = 2048MB
1:680  0:000  SmbiosTable.Type17->Bank/Device = BANK0 DIMM0
1:680  0:000  SmbiosTable.Type17->Vendor = Manufacturer00
1:680  0:000  SmbiosTable.Type17->SerialNumber = SerNum00
1:680  0:000  SmbiosTable.Type17->PartNumber = ModulePartNumber00
1:680  0:000  Type 17 Index = 1
1:680  0:000  Ignoring insane frequency value 0MHz
1:680  0:000  SmbiosTable.Type17->Speed = 0MHz
1:680  0:000  SmbiosTable.Type17->Size = 2048MB
1:680  0:000  SmbiosTable.Type17->Bank/Device = BANK1 DIMM1
1:680  0:000  SmbiosTable.Type17->Vendor = Manufacturer01
1:680  0:000  SmbiosTable.Type17->SerialNumber = SerNum01
1:680  0:000  SmbiosTable.Type17->PartNumber = ModulePartNumber01
1:680  0:000  Boot status=0
1:680  0:000  Running on: 'To Be Filled By O.E.M.' with board 'G41M-VS3.'
1:680  0:000  === [ GetCPUProperties ] ==================================
1:680  0:000  CPU Vendor = 756E6547 Model=1067A
1:680  0:000   The CPU supported SSE4.1
1:680  0:000  BrandString = Intel(R) Core(TM)2 Duo CPU     E8400  @ 3.00GHz
1:680  0:000  got cores from CPUID_1 = 2
1:680  0:000   The CPU not supported turbo
1:680  0:000  MSR dumps:
1:680  0:000  	@0x00CD=80000804
1:680  0:000  	@0x0198=616092206000922
1:680  0:000  FSBFrequency = 334 MHz, DMI FSBFrequency = 333 MHz, Corrected FSBFrequency = 333 MHz
1:680  0:000  MaxDiv/MinDiv: 9.0/6
1:680  0:000  Turbo: 10/0/0/0
1:680  0:000  Features: 0xBFEBFBFF
1:680  0:000  Threads: 2
1:680  0:000  Cores: 2
1:680  0:000  FSB: 333 MHz
1:680  0:000  CPU: 3000 MHz
1:680  0:000  TSC: 3000 MHz
1:680  0:000  PIS: 1333 MHz
1:680  0:000  ExternalClock: 333 MHz
1:680  0:000  === [ GetDevices ] ========================================
1:680  0:000  GOP found at: PcieRoot(0x0)/Pci(0x1,0x0)/Pci(0x0,0x0)/AcpiAdr(0x80010100)
1:680  0:000  PCI (00|00:00.00) : 8086 2E30 class=060000
1:680  0:000  PCI (00|00:01.00) : 8086 2E31 class=060400
1:680  0:000  PCI (00|04:00.00) : 1002 683D class=030000
1:680  0:000   - GOP: Provided by device
1:680  0:000   - GFX: Model=AMD Radeon HD 7770 Series (ATI/AMD)
1:680  0:000  PCI (00|04:00.01) : 1002 AAB0 class=040300
1:680  0:000   - HDMI Audio: 
1:680  0:000  PCI (00|00:1B.00) : 8086 27D8 class=040300
1:680  0:000  PCI (00|00:1C.00) : 8086 27D0 class=060400
1:680  0:000  PCI (00|00:1C.01) : 8086 27D2 class=060400
1:680  0:000  PCI (00|01:00.00) : 1969 2062 class=020000
1:680  0:000   - LAN: 0 Vendor=Atheros
1:680  0:000  PCI (00|00:1D.00) : 8086 27C8 class=0C0300
1:680  0:000  PCI (00|00:1D.01) : 8086 27C9 class=0C0300
1:680  0:000  PCI (00|00:1D.02) : 8086 27CA class=0C0300
1:680  0:000  PCI (00|00:1D.03) : 8086 27CB class=0C0300
1:680  0:000  PCI (00|00:1D.07) : 8086 27CC class=0C0320
1:680  0:000  PCI (00|00:1E.00) : 8086 244E class=060401
1:680  0:000  PCI (00|00:1F.00) : 8086 27B8 class=060100
1:680  0:000  PCI (00|00:1F.01) : 8086 27DF class=01018A
1:680  0:000  PCI (00|00:1F.02) : 8086 27C0 class=01018F
1:680  0:000  PCI (00|00:1F.03) : 8086 27DA class=0C0500
1:680  0:000  === [ GetDefaultSettings ] ================================
1:680  0:000  Clover load options size = 0 bytes
1:684  0:003  EFI\CLOVER\config.plist loaded: Success
1:684  0:000  === [ GetListOfThemes ] ===================================
1:685  0:000  - [00]: random
1:685  0:000  - [00]: embedded
1:685  0:000  === [ Found config plists ] ===============================
1:685  0:000  - config.plist
1:685  0:000  - config-bak.plist
1:685  0:000  - config2.plist
1:685  0:000  - config3.plist
1:685  0:000  === [ GetEarlyUserSettings ] ==============================
1:685  0:000  timeout set to -1
1:685  0:000  Custom boot CUSTOM_BOOT_DISABLED (0x0)
1:685  0:000  ATIConnectors patch: invalid parameters!
1:685  0:000  KextsToPatch: 7 requested
1:685  0:000   - [00]: AMD7000Controller (ATI7000) :: MatchOS:  :: BinPatch :: data len: 96
1:685  0:000   - patch disabled at config
1:685  0:000   - [01]: com.apple.iokit.IOUSBHostFamily (USB port limit patch) :: BinPatch :: data len: 4
1:685  0:000   - [02]: com.apple.driver.usb.AppleUSBXHCI (USB port limit patch) :: BinPatch :: data len: 4
1:685  0:000   - [03]: com.apple.driver.usb.AppleUSBXHCI (USB port limit patch) :: BinPatch :: data len: 4
1:685  0:000   - [04]: com.apple.iokit.IOUSBHostFamily (USB port limit patch #1 10.15.x modify by DalianSky(credit ydeng)) :: BinPatch :: data len: 4
1:685  0:000   - [05]: com.apple.driver.usb.AppleUSBXHCI (USB Port limit patch #2 10.15.x modify by DalianSky) :: BinPatch :: data len: 4
1:685  0:000   - [06]: com.apple.AppleGVA (NoLabel) :: PlistPatch :: data len: 5
1:686  0:000  Default theme: random
1:686  0:000  Hiding entries with string WIN10_SSD
1:686  0:000  Hiding entries with string WIN10
1:686  0:000  Hiding entries with string WinWork
1:686  0:000  Hiding entries with string WIN_BAK
1:686  0:000  Hiding entries with string MAC_BAK
1:686  0:000  Hiding entries with string EFI_HD80
1:686  0:000  Hiding entries with string Preboot
1:686  0:000  Hiding entries with string Recovery
1:686  0:000  === [ LoadDrivers ] =======================================
1:687  0:001  Loading AudioDxe.efi  status=Success
1:687  0:000   - driver needs connecting
1:687  0:000  Loading FSInject.efi  status=Success
1:687  0:000  Loading SMCHelper.efi  status=Success
1:687  0:000  Loading HFSPlus.efi  status=Success
1:688  0:000   - driver needs connecting
1:688  0:000  Loading XhciDxe.efi  status=Success
1:688  0:000   - driver needs connecting
1:688  0:000  Loading ApfsDriverLoader.efi  status=Success
1:688  0:000   - driver needs connecting
1:688  0:000  4 drivers needs connecting ...
1:688  0:000  PlatformDriverOverrideProtocol->GetDriver overriden
1:688  0:000  HFS+ driver loaded
1:688  0:000  APFS driver loaded
4:756  3:067  === [ InitScreen ] ========================================
4:756  0:000  Console modes reported: 4, available modes:
4:756  0:000   - [01]: 80x25
4:756  0:000   - [03]: 100x31
4:756  0:000   - [04]: 180x47 (current mode)
4:756  0:000  SetScreenResolution: 1440x900 - already set
4:756  0:000  SetScreenResolution: 1440x900 - already set
4:756  0:000  reinit: self device path=PcieRoot(0x0)\Pci(0x1F,0x2)\Ata(0x0)\HD(1,GPT,AA2F9CCC-89A4-4003-8D00-37956F277AA3,0x800,0xFA000)
4:756  0:000  === [ GetMacAddress ] =====================================
4:756  0:000   get legacy LAN MAC, 1 card found
4:756  0:000  Legacy MAC address of LAN #0= BC:5F:F4:0C:65:4E:
4:756  0:000  === [ ScanSPD ] ===========================================
4:756  0:000  Scanning SMBus [8086:27DA], mmio: 0x0, ioport: 0x400, hostc: 0x1
4:908  0:152  Slot: 0 Type 24 2048MB 1333MHz Vendor=Kingston PartNo=99P5458-001.A00LF SerialNo=080702030405040C
5:062  0:153  Slot: 2 Type 24 2048MB 1333MHz Vendor=Kingston PartNo=9905471-001.A01LF SerialNo=090001030304000A
5:067  0:005  === [ GetAcpiTablesList ] =================================
5:067  0:000  Get Acpi Tables List from RSDT:
5:067  0:000   - [00]: FACP  OEMFACP  len=132
5:067  0:000   - [01]: APIC  APIC1445 len=108
5:067  0:000   - [02]: MCFG  OEMMCFG  len=60
5:067  0:000   - [03]: OEMB  OEMB1445 len=114
5:067  0:000   - [04]: AAFT  OEMAAFT  len=39
5:067  0:000   - [05]: HPET  OEMHPET  len=56
5:067  0:000   - [06]: GSCI  GMCHSCI  len=8228
5:067  0:000   - [07]: SSDT  CpuPm len=2684
5:067  0:000  Calibrated TSC Frequency = 3004133253 = 3004MHz
5:067  0:000  === [ GetUserSettings ] ===================================
5:067  0:000  USB FixOwnership: no
5:067  0:000  Dropping 2 tables:
5:067  0:000   - [00]: Drop table  signature="SSDT" (54445353) table-id="CpuPm" (0000006D50757043)
5:067  0:000           - set table: 54445353,       6D50757043 to drop: yes
5:067  0:000   - [01]: Drop table  signature="SSDT" (54445353) table-id="Cpu0Ist" (0074734930757043)
5:067  0:000           - set table: 54445353,   74734930757043 to drop: no
5:067  0:000   - final DSDT Fix mask=00000000
5:067  0:000  smartUPS: present
5:067  0:000  Using ProductName from config: iMac13,3
5:067  0:000  Using latest BiosVersion from clover
5:067  0:000  BiosVersion: IM131.88Z.F000.B00.1907241303
5:067  0:000  BiosReleaseDate: 07/24/2019
5:067  0:000  Using latest EfiVersion from clover: 288.0.0.0.0
5:067  0:000  Using FirmwareFeatures from config: 0xE00DE137
5:067  0:000  Using FirmwareFeaturesMask from config: 0xFF1FFF3F
5:067  0:000  Board-ID set from config as Mac-7DF2A3B5E5D671ED
5:067  0:000  BoardType: 0xA
5:068  0:000  ChassisType: 0xD
5:068  0:000  Converted CustomUUID D53F9856-8C1A-46CA-B030-76ABC7A9CBC5
5:069  0:001  === [ Found DSDT tables ] =================================
5:069  0:000  - dsdt-bak.aml
5:069  0:000  - dsdt_ic005k.aml
5:069  0:000  - DSDT.aml
5:285  0:216  === [ ScanVolumes ] =======================================
5:285  0:000  Found 21 volumes with blockIO
5:285  0:000  - [00]: Volume: PcieRoot(0x0)\Pci(0x1F,0x2)\Ata(0x0)
5:286  0:000          Result of bootcode detection: bootable unknown (legacy)
5:286  0:000  - [01]: Volume: PcieRoot(0x0)\Pci(0x1F,0x2)\Ata(0x0)
5:290  0:003          Result of bootcode detection: bootable unknown (legacy)
5:290  0:000  - [02]: Volume: PcieRoot(0x0)\Pci(0x1F,0x2)\Ata(0x0)\HD(1,GPT,AA2F9CCC-89A4-4003-8D00-37956F277AA3,0x800,0xFA000)
5:290  0:000          Result of bootcode detection: bootable unknown (legacy)
5:291  0:000          This is SelfVolume !!
5:291  0:000  - [03]: Volume: PcieRoot(0x0)\Pci(0x1F,0x2)\Ata(0x0)\HD(2,GPT,A94DAFB4-F484-46FD-AC37-CFFD960BB1DD,0xFA800,0x40000)
5:291  0:000  - [04]: Volume: PcieRoot(0x0)\Pci(0x1F,0x2)\Ata(0x0)\HD(3,GPT,4720A58F-FC2F-46A3-A7CE-288FF76671CD,0x13A800,0x6458000)
5:291  0:000          Result of bootcode detection: bootable Windows (vista,win)
5:291  0:000  - [05]: Volume: PcieRoot(0x0)\Pci(0x1F,0x2)\Ata(0x0)\HD(4,GPT,EE23034A-3BA5-4479-9A14-1988FAC215D2,0x6592800,0x76CA8E0)
5:292  0:000  - [06]: Volume: PcieRoot(0x0)\Pci(0x1F,0x2)\Ata(0x0)\HD(5,GPT,8D47B08D-10B6-4161-8D74-A586801C9A98,0xDC5D0E0,0x135F20)
5:292  0:000          hiding this volume
5:292  0:000  - [07]: Volume: PcieRoot(0x0)\Pci(0x1F,0x2)\Ata(0x0)\HD(6,GPT,03F74ED5-FD1F-40BB-8FDD-0B1CB52FA6E9,0xDD93000,0x201B8F)
5:292  0:000          Result of bootcode detection: bootable Windows (win)
5:294  0:001  - [08]: Volume: PcieRoot(0x0)\Pci(0x1F,0x2)\Ata(0x0)\HD(1,GPT,52622750-2A7A-4836-BA58-7AF147173621,0x800,0x200800)
5:297  0:003          Result of bootcode detection: bootable unknown (legacy)
5:304  0:007  - [09]: Volume: PcieRoot(0x0)\Pci(0x1F,0x2)\Ata(0x0)\HD(2,GPT,DDCAF88D-B02A-4D55-9802-368937CB26D9,0x201000,0x7800800)
5:304  0:000          Result of bootcode detection: bootable unknown (legacy)
5:304  0:000  - [10]: Volume: PcieRoot(0x0)\Pci(0x1F,0x2)\Ata(0x0)\HD(3,GPT,10BF76EE-0AD8-4CEA-ACE3-E690FB000507,0x7A01800,0xA000800)
5:305  0:000          Result of bootcode detection: bootable Windows (vista,win)
5:305  0:000  - [11]: Volume: PcieRoot(0x0)\Pci(0x1F,0x2)\Ata(0x0)\HD(4,GPT,11D6E37B-9E52-475C-8FE8-11EAB6BF02BF,0x11A02000,0xC800800)
5:306  0:001          Result of bootcode detection: bootable Windows (vista,win)
5:306  0:000  - [12]: Volume: PcieRoot(0x0)\Pci(0x1F,0x2)\Ata(0x0)\HD(5,GPT,96C74A63-91EE-42F3-8583-EAB2FF7EE353,0x1E202800,0xC7C0800)
5:324  0:018  - [13]: Volume: PcieRoot(0x0)\Pci(0x1F,0x2)\Ata(0x0)\HD(6,GPT,704597B9-AA71-437B-B135-D7416EC761B4,0x2AA03000,0xE742800)
5:334  0:010          Result of bootcode detection: bootable unknown (legacy)
5:536  0:202  - [14]: Volume: PcieRoot(0x0)\Pci(0x1F,0x2)\Ata(0x0)\HD(7,GPT,0A992CA9-4009-47B6-B68A-A377547204FF,0x39145800,0xFC0800)
5:537  0:000  - [15]: Volume: PcieRoot(0x0)\Pci(0x1F,0x2)\Ata(0x0)\HD(8,GPT,B7E10B2C-2D5B-4D6F-932C-AD52C1D7C301,0x3A106000,0x12C000)
5:554  0:016          Result of bootcode detection: bootable unknown (legacy)
5:557  0:002  - [16]: Volume: PcieRoot(0x0)\Pci(0x1F,0x2)\Ata(0x0)\HD(9,GPT,4158A5D8-B244-40D0-BD7A-BC293B2E1758,0x3A232000,0x154000)
5:557  0:000          Result of bootcode detection: bootable Windows (win)
5:569  0:011  - [17]: Volume: PcieRoot(0x0)\Pci(0x1F,0x2)\Ata(0x0)\HD(2,GPT,DDCAF88D-B02A-4D55-9802-368937CB26D9,0x201000,0x7800800)\VenMedia(BE74FCF7-0B7C-49F3-9147-01F4042E6842,8806FA2F6651D641968B3C328D9E4991)
5:569  0:000          hiding this volume
5:569  0:000  - [18]: Volume: PcieRoot(0x0)\Pci(0x1F,0x2)\Ata(0x0)\HD(2,GPT,DDCAF88D-B02A-4D55-9802-368937CB26D9,0x201000,0x7800800)\VenMedia(BE74FCF7-0B7C-49F3-9147-01F4042E6842,85BB92606964953692DB2EC2F253B5EF)
5:569  0:000  - [19]: Volume: PcieRoot(0x0)\Pci(0x1F,0x2)\Ata(0x0)\HD(2,GPT,DDCAF88D-B02A-4D55-9802-368937CB26D9,0x201000,0x7800800)\VenMedia(BE74FCF7-0B7C-49F3-9147-01F4042E6842,C7774940D3B0154ABCB3ABB67CC28335)
5:569  0:000          hiding this volume
5:569  0:000  - [20]: Volume: PcieRoot(0x0)\Pci(0x1F,0x2)\Ata(0x0)\HD(2,GPT,DDCAF88D-B02A-4D55-9802-368937CB26D9,0x201000,0x7800800)\VenMedia(BE74FCF7-0B7C-49F3-9147-01F4042E6842,548C2D6C0EE4744C93FBE3EE669C36DD)
5:965  0:396  Loading nvram.plist from Vol 'ESP_SSD' - loaded, size=1801
5:969  0:004  === [ PutNvramPlistToRtVars ] =============================
5:969  0:000   Adding Key: Add: ERROR: Unsupported tag type: 1
5:969  0:000   Adding Key: Version: ERROR: Unsupported tag type: 4
5:969  0:000  found 1 handles with audio
5:969  0:000  No AudioIoDevice stored
5:969  0:000  no stored audio parameters
5:969  0:000  === [ InitTheme ] =========================================
5:969  0:000  use daylight theme
5:969  0:000   using embedded theme
5:969  0:000  got embedded sound
5:969  0:000    Channels: 2  Sample rate: 8000 Hz  Bits: 16
5:969  0:000  output to channel 0 with volume 70, len=25600
5:969  0:000   sound channels=2 bits=16 freq=8000
5:970  0:000  sound converted to 48kHz
5:970  0:000  not found AudioIo to play
5:970  0:000  sound play end with status=Not Found
5:971  0:001  Using embedded font: Success
5:971  0:000  theme inited
5:971  0:000  Chosen embedded theme
5:971  0:000  after NVRAM boot-args=dart=0 -v 
5:971  0:000  === [ Dump SMC keys from NVRAM ] ==========================
5:971  0:000  found AppleSMC protocol
5:971  0:000  Registered 0 SMC keys
5:971  0:000  === [ ScanLoader ] ========================================
5:971  0:000  - [02]: 'ESP_SSD'
5:976  0:004          AddLoaderEntry for Volume Name=ESP_SSD
5:976  0:000          skipped because entry is hidden
5:976  0:000  - [05]: 'MAC_SSD'
5:979  0:003          AddLoaderEntry for Volume Name=MAC_SSD
5:981  0:002      Check if volume Is Hibernated:
5:981  0:000      Check sleep image 'by signature':
5:984  0:002      using default sleep image name = \private\var\vm\sleepimage
5:985  0:001      sleepimage not found -> Not Found
5:985  0:000      hibernated: no - sign
5:987  0:001  - [06]: 'Recovery HD', hidden
5:987  0:000  - [07]: 'EFI_SSDWIN'
5:987  0:000          AddLoaderEntry for Volume Name=EFI_SSDWIN
5:989  0:001          AddLoaderEntry for Volume Name=EFI_SSDWIN
5:989  0:000          skipped because entry is hidden
5:989  0:000  - [08]: 'ESP_HD500'
6:022  0:033  - [12]: 'macfiles'
6:023  0:001  - [13]: 'pný'
16:304  10:280  - [14]: 'Len"s Install macOS Mojave'
16:304  0:000          AddLoaderEntry for Volume Name=Len"s Install macOS Mojave
16:335  0:031  - [15]: 'EFI_HDWIN'
16:347  0:012          AddLoaderEntry for Volume Name=EFI_HDWIN
16:362  0:014          AddLoaderEntry for Volume Name=EFI_HDWIN
16:362  0:000          skipped because entry is hidden
16:362  0:000  - [16]: 'EFI_CLOVER'
16:362  0:000  - [17]: 'Preboot', hidden
16:362  0:000  - [18]: 'MAC'
16:719  0:356          AddLoaderEntry for Volume Name=MAC
16:769  0:049      Check if volume Is Hibernated:
16:769  0:000      Check sleep image 'by signature':
16:995  0:226      read prefs \Library\Preferences\com.apple.PowerManagement.plist status=Success
16:995  0:000      using default sleep image name = \private\var\vm\sleepimage
17:091  0:096      sleepimage not found -> Not Found
17:091  0:000      hibernated: no - sign
17:093  0:001  - [19]: 'Recovery', hidden
17:093  0:000  - [20]: 'VM'
17:093  0:000  === [ AddCustomTool ] =====================================
17:093  0:000  === [ GetEfiBootDeviceFromNvram ] =========================
17:094  0:000  Default boot entry not found
17:094  0:000  DefaultIndex=-1 and MainMenu.EntryCount=9
17:152  0:058  GUI ready
22:622  5:469  exit from MainMenu 3
36:192  13:569  EDITED: 0x
53:149  16:957  EDITED: 0x11111111
57:060  3:910  exit from MainMenu 1
57:060  0:000  BootVariable of the entry is empty
57:060  0:000  === [ StartLoader ] =======================================
57:060  0:000  Finally: ExternalClock=334MHz BusSpeed=333793kHz CPUFreq=3004MHz PIS: hw.busfrequency=1336000000Hz
57:060  0:000  Loading boot.efi  status=Success
57:102  0:041  GetOSVersion: 10.12.6 (16G2136)
57:102  0:000  CSR_CFG: CSR_ALLOW_UNTRUSTED_KEXTS | CSR_ALLOW_UNRESTRICTED_FS | CSR_ALLOW_TASK_FOR_PID | CSR_ALLOW_UNRESTRICTED_DTRACE | CSR_ALLOW_UNRESTRICTED_NVRAM
57:102  0:000  Filtering KextPatches:
57:102  0:000   - [00]: AMD7000Controller (ATI7000) :: BinPatch :: [OS: 10.12.6 | MatchOS:  | MatchBuild: All] ==> disabled by user
57:102  0:000   - [01]: com.apple.iokit.IOUSBHostFamily (USB port limit patch) :: BinPatch :: [OS: 10.12.6 | MatchOS: All | MatchBuild: All] ==> allowed
57:102  0:000   - [02]: com.apple.driver.usb.AppleUSBXHCI (USB port limit patch) :: BinPatch :: [OS: 10.12.6 | MatchOS: All | MatchBuild: All] ==> allowed
57:102  0:000   - [03]: com.apple.driver.usb.AppleUSBXHCI (USB port limit patch) :: BinPatch :: [OS: 10.12.6 | MatchOS: All | MatchBuild: All] ==> allowed
57:102  0:000   - [04]: com.apple.iokit.IOUSBHostFamily (USB port limit patch #1 10.15.x modify by DalianSky(credit ydeng)) :: BinPatch :: [OS: 10.12.6 | MatchOS: All | MatchBuild: All] ==> allowed
57:102  0:000   - [05]: com.apple.driver.usb.AppleUSBXHCI (USB Port limit patch #2 10.15.x modify by DalianSky) :: BinPatch :: [OS: 10.12.6 | MatchOS: All | MatchBuild: All] ==> allowed
57:102  0:000   - [06]: com.apple.AppleGVA (NoLabel) :: PlistPatch :: [OS: 10.12.6 | MatchOS: All | MatchBuild: All] ==> allowed
57:102  0:000  Will not patch boot.efi
57:102  0:000  === [ PatchSmbios ] =======================================
57:102  0:000  insert table 9 for dev 0:0
57:102  0:000  insert table 9 for dev 0:1
57:102  0:000  insert table 9 for dev 0:0
57:103  0:000  Trusting SMBIOS...
57:103  0:000  Detected alternating SMBIOS channel banks
57:103  0:000  Channels: 2
57:103  0:000  Interleave: 0 2 1 3 4 6 5 7 8 10 9 11 12 14 13 15 16 18 17 19 20 22 21 23
57:103  0:000   partNum=ModulePartNumber00
57:103  0:000  SMBIOS Type 17 Index = 0 => 0 0:
57:103  0:000  BANK 0 DIMM0 1333MHz 2048MB
57:103  0:000   partNum=ModulePartNumber01
57:103  0:000  SMBIOS Type 17 Index = 1 => 1 2:
57:103  0:000  BANK 1 DIMM0 1333MHz 2048MB
57:103  0:000  mTotalSystemMemory = 4096
57:103  0:000  NumberOfMemoryDevices = 2
57:103  0:000  Type20[0]->End = 0x1FFFFF, Type17[0] = 0x800
57:103  0:000  Type20[1]->End = 0x3FFFFF, Type17[1] = 0x1800
57:103  0:000  === [ PatchACPI ] =========================================
57:103  0:000  Xsdt is not found! Creating new one
57:103  0:000  RsdPointer is Acpi 1.0 - creating new one Acpi 2.0
57:103  0:000  RsdPointer Acpi 2.0 installed
57:103  0:000  RSDT entries = 8
57:103  0:000  Xsdt reallocation done
57:103  0:000  old FADT length=84
57:103  0:000   SignatureFixup: 0x0 -> 0x0
57:104  0:001  DSDT found in Clover volume OEM folder: EFI\CLOVER\ACPI\patched\DSDT.aml
57:105  0:001  Apply DsdtFixMask=0x00000000
57:105  0:000     drop _DSM mask=0xFFFF
57:105  0:000  === [ FixBiosDsdt ] =======================================
57:105  0:000    0 replacements
57:105  0:000  PreCleanup XSDT: count=8, length=100
57:105  0:000  PreCleanup XSDT, corrected XSDT: count=8, length=100
57:105  0:000  === [ ACPIDropTables ] ====================================
57:105  0:000  Drop tables from XSDT, SIGN=SSDT TableID=CpuPm Length=2684
57:105  0:000   Table[7]: SSDT  CpuPm  2684 dropped
57:105  0:000  === [ ACPIPatchedAML ] ====================================
57:105  0:000  Unsorted
57:105  0:000  Inserting SSDT-HD7770.aml from EFI\CLOVER\ACPI\patched: size=1070 ... Success
57:106  0:000  Inserting SSDT-8152.aml from EFI\CLOVER\ACPI\patched: size=286 ... Success
57:107  0:000  Inserting SSDT-LPC.aml from EFI\CLOVER\ACPI\patched: size=165 ... Success
57:107  0:000  ApicCPUNum=2
57:107  0:000  Initial control=0x6000922
57:107  0:000  Maximum control=0x922
57:107  0:000  UnderVoltStep=0
57:107  0:000  PLimitDict=0
57:107  0:000  PStates count=7
57:107  0:000  SSDT with CPU P-States generated successfully
57:107  0:000  SSDT with CPU C-States generated successfully
57:107  0:000  Cleanup XSDT: count=13, length=140
57:107  0:000  corrected XSDT count=12, length=132
57:107  0:000  === [ RestSetup macOS ] ===================================
57:107  0:000  EdidDiscovered size=128
57:107  0:000  --- Discovered EDID Table size:128
57:107  0:000  000  |  00  FF  FF  FF  FF  FF  FF  00  5A  63
57:107  0:000  010  |  2A  F8  01  01  01  01  31  15  01  04
57:107  0:000  020  |  A5  29  1A  78  26  C2  A5  A3  59  55
57:107  0:000  030  |  9B  26  0E  50  54  A5  4E  80  90  40
57:107  0:000  040  |  81  80  81  40  81  0F  71  4F  01  01
57:107  0:000  050  |  01  01  01  01  9A  29  A0  D0  51  84
57:107  0:000  060  |  22  30  50  98  36  00  98  FF  10  00
57:107  0:000  070  |  00  1C  00  00  00  FF  00  54  31  34
57:107  0:000  080  |  31  31  30  31  30  30  30  30  31  0A
57:107  0:000  090  |  00  00  00  FD  00  32  4B  1E  44  09
57:107  0:000  100  |  00  0A  20  20  20  20  20  20  00  00
57:107  0:000  110  |  00  FC  00  43  31  39  30  37  77  61
57:107  0:000  120  |  2D  4C  45  44  2D  47  00  0E
57:107  0:000  Framebuffer @0xE0000000  MMIO @0xFEB80000 I/O Port @0x0000E000 ROM Addr @0x00000000
57:107  0:000  PCI region 1 = 0x00000000, region3 = 0x00000000, region5 = 0x00000000
57:107  0:000  BIOS_0_SCRATCH=0x00000030, 1=0x00BAAA00, 2=0x00000000, 3=0x00000000, 4=0x00000000, 5=0x00000000, 6=0x00000000
57:107  0:000  RADEON_CRTC2_GEN_CNTL == 0x00000000
57:107  0:000   card posted because CONFIG_MEMSIZE=0x400
57:107  0:000  ATI card POSTed, 
57:107  0:000  Set VRAM from config=1024Mb
57:107  0:000  ATI: get_vram_size returned 0x40000000
57:107  0:000  Users config name Ipomoea
57:107  0:000   use N ports setting from config.plist: 3
57:107  0:000  (AtiPorts) Nr of ports set to: 3
57:107  0:000  ATI Verde AMD Radeon HD 7770 Series 1024MB (Ipomoea) [1002:683D] (subsys [148C:2319]):: PcieRoot(0x0)\Pci(0x1,0x0)\Pci(0x0,0x0)
57:107  0:000   setting specified layout-id=21 (0x15)
57:108  0:000  stringlength = 3246
57:108  0:000  CurrentMode: Width=1440 Height=900
57:108  0:000  Beginning FSInjection
FSInjectionInstall ...
- Our FSI_SIMPLE_FILE_SYSTEM_PROTOCOL installed on handle: DA67A118
FSInjectionInstall ...
- Our FSI_SIMPLE_FILE_SYSTEM_PROTOCOL installed on handle: DA67A118
57:109  0:000  Use origin smbios table type 1 guid.
57:109  0:000  Preparing kexts injection for arch=x86_64 from EFI\CLOVER\kexts\Other
57:109  0:000  Extra kext: EFI\CLOVER\kexts\Other\WhateverGreen.kext (v.1.3.4)
57:118  0:008  Extra kext: EFI\CLOVER\kexts\Other\Lilu.kext (v.1.3.9)
57:125  0:006  Extra kext: EFI\CLOVER\kexts\Other\USBInjectAll.kext (v.0.7.1)
57:315  0:189  Extra kext: EFI\CLOVER\kexts\Other\FakeSMC.kext (v.1800)
57:328  0:013    |-- PlugIn kext: EFI\CLOVER\kexts\Other\FakeSMC.kext\Contents\PlugIns\FakeSMC_SMMSensors.kext (v.1800)
57:335  0:006    |-- PlugIn kext: EFI\CLOVER\kexts\Other\FakeSMC.kext\Contents\PlugIns\FakeSMC_LPCSensors.kext (v.1800)
57:495  0:160    |-- PlugIn kext: EFI\CLOVER\kexts\Other\FakeSMC.kext\Contents\PlugIns\FakeSMC_GPUSensors.kext (v.1800)
57:503  0:007    |-- PlugIn kext: EFI\CLOVER\kexts\Other\FakeSMC.kext\Contents\PlugIns\FakeSMC_CPUSensors.kext (v.1800)
57:508  0:005    |-- PlugIn kext: EFI\CLOVER\kexts\Other\FakeSMC.kext\Contents\PlugIns\FakeSMC_ACPISensors.kext (v.1800)
57:519  0:010  Extra kext: EFI\CLOVER\kexts\Other\AtherosL1cEthernet124.kext (v.1.2.4)
57:531  0:011  Extra kext: EFI\CLOVER\kexts\Other\ApplePS2Controller.kext (v.2.0.0)
57:536  0:005    |-- PlugIn kext: EFI\CLOVER\kexts\Other\ApplePS2Controller.kext\Contents\PlugIns\ApplePS2Trackpad.kext (v.2.0.0)
57:541  0:005    |-- PlugIn kext: EFI\CLOVER\kexts\Other\ApplePS2Controller.kext\Contents\PlugIns\ApplePS2Mouse.kext (v.2.0.0)
57:545  0:003    |-- PlugIn kext: EFI\CLOVER\kexts\Other\ApplePS2Controller.kext\Contents\PlugIns\ApplePS2Keyboard.kext (v.2.0.0)
57:549  0:003  Extra kext: EFI\CLOVER\kexts\Other\AppleACPIPS2Nub.kext (v.1.0.0d1)
57:554  0:004  Extra kext: EFI\CLOVER\kexts\Other\GenericUSBXHCI.kext (v.1.2.11)
57:568  0:014  Custom boot screen not used because entry has unset use graphics
57:568  0:000  Closing log
