
Clover 安装器 r5119 (0f5da727e) (installer library v1.1.5), 2020-06-09 07:35:00
macOS 版本10.15.4（版号19E287）
SELF = /Applications/Clover.app/Contents/MacOS/CloverDaemonNew
Backup made at:
/Users/lafish/Desktop/CloverBackUp/faspeed K7M-120G Media/r5100_2020-06-09_07-34-54/EFI.
Target volume: /Volumes/EFI
BSD Name:      disk0s1
Filesystem:    FAT32
Is internal:   true
Is writable:   true
Installation type: UEFI

/dev/disk0 (internal, physical):
   #:                       TYPE NAME                    SIZE       IDENTIFIER
   0:      GUID_partition_scheme                        *120.0 GB   disk0
   1:                        EFI EFI                     209.7 MB   disk0s1
   2:                 Apple_APFS Container disk1         119.7 GB   disk0s2

/dev/disk1 (synthesized):
   #:                       TYPE NAME                    SIZE       IDENTIFIER
   0:      APFS Container Scheme -                      +119.7 GB   disk1
                                 Physical Store disk0s2
   1:                APFS Volume Macintosh HD - 数据     76.4 GB    disk1s1
   2:                APFS Volume Preboot                 81.8 MB    disk1s2
   3:                APFS Volume Recovery                528.1 MB   disk1s3
   4:                APFS Volume VM                      8.6 GB     disk1s4
   5:                APFS Volume Macintosh HD            11.1 GB    disk1s5

/dev/disk2 (internal, physical):
   #:                       TYPE NAME                    SIZE       IDENTIFIER
   0:     FDisk_partition_scheme                        *1.0 TB     disk2
   1:                  Apple_HFS hub                     1.0 TB     disk2s1

/dev/disk3 (external, physical):
   #:                       TYPE NAME                    SIZE       IDENTIFIER
   0:     FDisk_partition_scheme                        *500.1 GB   disk3
   1:               Windows_NTFS LafiahBiG               284.9 GB   disk3s1
   2:               Windows_NTFS 新加卷                  215.2 GB   disk3s5

/dev/disk4 (external, physical):
   #:                       TYPE NAME                    SIZE       IDENTIFIER
   0:      GUID_partition_scheme                        *31.0 GB    disk4
   1:                        EFI EFI                     209.7 MB   disk4s1
   2:       Microsoft Basic Data WEPE                    524.3 MB   disk4s2
   3:                  Apple_HFS Install macOS Catalina  8.9 GB     disk4s3




Installing/Updating Clover:
+ ../BOOT/BOOTX64.efi
+ ../CLOVER/CLOVERX64.efi

Installing/Updating drivers:
+ ../UEFI/DataHubDxe.efi
+ ../UEFI/FSInject.efi
+ ../UEFI/SMCHelper.efi
+ ../UEFI/ApfsDriverLoader.efi
+ ../UEFI/AptioInputFix.efi
+ ../UEFI/AptioMemoryFix.efi
+ ../UEFI/EmuVariableUefi.efi
+ ../UEFI/PartitionDxe.efi

Installing/Updating tools:
+ ../tools/Shell64.efi
+ ../tools/bdmesg.efi
+ ../tools/Shell64U.efi
+ ../tools/Shell32.efi

Installing/Updating docs:
+ ../doc/UEFI boot with Clover.rtf
+ ../doc/boot1f32-install.sh
+ ../doc/HowToInstallOSX.txt
+ ../doc/HowToFixDsdt.txt
+ ../doc/bcfg.txt